<?xml version="1.0" encoding="UTF-8"?>
<!-- Generated by org.testng.reporters.JUnitReportReporter -->
<testsuite hostname="DESKTOP-KNEDJ6N" name="com.testclass.Testclass" tests="2" failures="0" timestamp="14 Dec 2020 17:43:42 GMT" time="6.252" errors="0">
  <testcase name="viewall" time="5.404" classname="com.testclass.Testclass"/>
  <testcase name="openHomePage" time="0.848" classname="com.testclass.Testclass"/>
</testsuite> <!-- com.testclass.Testclass -->
