<?xml version="1.0" encoding="UTF-8"?>
<!-- Generated by org.testng.reporters.JUnitReportReporter -->
<testsuite hostname="DESKTOP-KNEDJ6N" name="com.test.TestClass" tests="2" failures="0" timestamp="29 Dec 2020 11:54:22 GMT" time="7.984" errors="0">
  <testcase name="signIn" time="7.899" classname="com.test.TestClass"/>
  <testcase name="veri" time="0.085" classname="com.test.TestClass"/>
</testsuite> <!-- com.test.TestClass -->
