<?xml version="1.0" encoding="UTF-8"?>
<!-- Generated by org.testng.reporters.JUnitReportReporter -->
<testsuite hostname="DESKTOP-KNEDJ6N" name="com.pom.Sample" tests="1" failures="0" timestamp="3 Nov 2020 18:02:15 GMT" time="0.014" errors="0">
  <testcase name="sum" time="0.014" classname="com.pom.Sample"/>
</testsuite> <!-- com.pom.Sample -->
