<?xml version="1.0" encoding="UTF-8"?>
<!-- Generated by org.testng.reporters.JUnitReportReporter -->
<testsuite hostname="DESKTOP-KNEDJ6N" name="testclass.testSignin" tests="1" failures="0" timestamp="23 Nov 2020 15:26:47 GMT" time="0.178" errors="0">
  <testcase name="singin" time="0.178" classname="testclass.testSignin"/>
</testsuite> <!-- testclass.testSignin -->
